2022-05-13 05:35:28 INFO  ProjectStartupHandler.runActivity(74) - ---------- Project opened ----------
2022-05-13 05:35:28 INFO  ProjectStartupHandler.runActivity(75) - ---------- Version 3.57 ----------

2022-05-13 05:35:28 INFO  ProjectStartupHandler.setAutoscrolls(346) - Autoscrolls successfully set
2022-05-13 05:35:28 INFO  ApacheHttpClient.isSessionAppropriateWithSecretKey(589) - The session is not set in the property file.
2022-05-13 05:35:48 INFO  ApacheHttpClient.login(250) - Waiting for server response.
2022-05-13 05:35:48 INFO  ApacheHttpClient.login(250) - Waiting for server response.
2022-05-13 05:35:48 INFO  ApacheHttpClient.login(254) - responseCode = 200
2022-05-13 05:35:48 INFO  ApacheHttpClient.login(277) - JSESSIONID OK
2022-05-13 05:35:49 INFO  ApacheHttpClient.refreshUserInfo(305) - responseCode = 200
2022-05-13 05:35:49 INFO  ApacheHttpClient.refreshUserInfo(311) - User information received.
2022-05-13 05:35:49 INFO  ApacheHttpClient.startGA(36) - GAService started.
2022-05-13 05:36:14 INFO  ApacheHttpClient.getWebResourceAsStream(502) - responseCode = 200
2022-05-13 05:36:16 INFO  ApacheHttpClient.getFilteredTasks(336) - responseCode = 200
2022-05-13 05:36:40 INFO  ApacheHttpClient.getTaskTemplateInfo(353) - responseCode = 200
2022-05-13 05:36:40 INFO  TaskInfoSelectorMouseListener.createDirectoryRecursive(77) - File created :/Users/tomspencer/Desktop/CodeGymTasks/1.JavaSyntax/src/com
2022-05-13 05:36:40 INFO  TaskInfoSelectorMouseListener.createDirectoryRecursive(77) - File created :/Users/tomspencer/Desktop/CodeGymTasks/1.JavaSyntax/src/com/codegym
2022-05-13 05:36:40 INFO  TaskInfoSelectorMouseListener.createDirectoryRecursive(77) - File created :/Users/tomspencer/Desktop/CodeGymTasks/1.JavaSyntax/src/com/codegym/task
2022-05-13 05:36:40 INFO  TaskInfoSelectorMouseListener.createDirectoryRecursive(77) - File created :/Users/tomspencer/Desktop/CodeGymTasks/1.JavaSyntax/src/com/codegym/task/task01
2022-05-13 05:36:40 INFO  TaskInfoSelectorMouseListener.createDirectoryRecursive(77) - File created :/Users/tomspencer/Desktop/CodeGymTasks/1.JavaSyntax/src/com/codegym/task/task01/task0101
2022-05-13 05:37:27 INFO  ApacheHttpClient.getWebResourceAsStream(502) - responseCode = 200
2022-05-13 05:37:28 INFO  ApacheHttpClient.getTask(488) - responseCode = 200
2022-05-13 05:37:29 INFO  ApacheHttpClient.completed(32) - responseCode = 200
2022-05-13 05:37:29 INFO  ApacheHttpClient.getTask(488) - responseCode = 200
2022-05-13 05:37:47 INFO  ApacheHttpClient.getWebResourceAsStream(502) - responseCode = 200
2022-05-13 05:37:49 INFO  ApacheHttpClient.getFilteredTasks(336) - responseCode = 200
2022-05-13 05:38:01 INFO  ApacheHttpClient.getTaskTemplateInfo(353) - responseCode = 200
2022-05-13 05:38:01 INFO  TaskInfoSelectorMouseListener.createDirectoryRecursive(77) - File created :/Users/tomspencer/Desktop/CodeGymTasks/1.JavaSyntax/src/en
2022-05-13 05:38:01 INFO  TaskInfoSelectorMouseListener.createDirectoryRecursive(77) - File created :/Users/tomspencer/Desktop/CodeGymTasks/1.JavaSyntax/src/en/codegym
2022-05-13 05:38:01 INFO  TaskInfoSelectorMouseListener.createDirectoryRecursive(77) - File created :/Users/tomspencer/Desktop/CodeGymTasks/1.JavaSyntax/src/en/codegym/task
2022-05-13 05:38:01 INFO  TaskInfoSelectorMouseListener.createDirectoryRecursive(77) - File created :/Users/tomspencer/Desktop/CodeGymTasks/1.JavaSyntax/src/en/codegym/task/pro
2022-05-13 05:38:01 INFO  TaskInfoSelectorMouseListener.createDirectoryRecursive(77) - File created :/Users/tomspencer/Desktop/CodeGymTasks/1.JavaSyntax/src/en/codegym/task/pro/task03
2022-05-13 05:38:01 INFO  TaskInfoSelectorMouseListener.createDirectoryRecursive(77) - File created :/Users/tomspencer/Desktop/CodeGymTasks/1.JavaSyntax/src/en/codegym/task/pro/task03/task0306
2022-05-13 05:38:01 INFO  ApacheHttpClient.getTask(488) - responseCode = 200
2022-05-13 05:42:59 INFO  ApacheHttpClient.getWebResourceAsStream(502) - responseCode = 200
2022-05-13 05:43:00 INFO  ApacheHttpClient.getTask(488) - responseCode = 200
2022-05-13 05:43:01 INFO  ApacheHttpClient.completed(32) - responseCode = 200
2022-05-13 05:43:01 INFO  ApacheHttpClient.getTask(488) - responseCode = 200
2022-05-13 05:44:58 INFO  ApacheHttpClient.getWebResourceAsStream(502) - responseCode = 200
2022-05-13 05:44:59 INFO  ApacheHttpClient.getFilteredTasks(336) - responseCode = 200
2022-05-13 05:45:30 INFO  ApacheHttpClient.getTaskTemplateInfo(353) - responseCode = 200
2022-05-13 05:45:30 INFO  ApacheHttpClient.getTask(488) - responseCode = 200
2022-05-13 05:45:36 INFO  ApacheHttpClient.getWebResourceAsStream(502) - responseCode = 200
2022-05-13 05:45:37 INFO  ApacheHttpClient.getFilteredTasks(336) - responseCode = 200
2022-05-13 05:45:42 INFO  ApacheHttpClient.getTaskTemplateInfo(353) - responseCode = 200
2022-05-13 05:45:42 INFO  TaskInfoSelectorMouseListener.createDirectoryRecursive(77) - File created :/Users/tomspencer/Desktop/CodeGymTasks/1.JavaSyntax/src/en/codegym/task/pro/task03/task0310
2022-05-13 05:47:23 INFO  ApacheHttpClient.getWebResourceAsStream(502) - responseCode = 200
2022-05-13 05:47:24 INFO  ApacheHttpClient.getTask(488) - responseCode = 200
2022-05-13 05:47:26 INFO  ApacheHttpClient.completed(32) - responseCode = 200
2022-05-13 05:47:26 INFO  ApacheHttpClient.getTask(488) - responseCode = 200
2022-05-13 05:47:33 INFO  ApacheHttpClient.getWebResourceAsStream(502) - responseCode = 200
2022-05-13 05:47:35 INFO  ApacheHttpClient.getFilteredTasks(336) - responseCode = 200
2022-05-13 05:57:07 INFO  ApacheHttpClient.getWebResourceAsStream(502) - responseCode = 200
2022-05-13 05:57:09 INFO  ApacheHttpClient.getFilteredTasks(336) - responseCode = 200
2022-05-13 05:57:17 INFO  ApacheHttpClient.getFilteredTasks(336) - responseCode = 200
2022-05-13 05:57:19 INFO  ApacheHttpClient.getTaskTemplateInfo(353) - responseCode = 200
2022-05-13 05:57:19 INFO  TaskInfoSelectorMouseListener.createDirectoryRecursive(77) - File created :/Users/tomspencer/Desktop/CodeGymTasks/1.JavaSyntax/src/en/codegym/task/pro/task05
2022-05-13 05:57:19 INFO  TaskInfoSelectorMouseListener.createDirectoryRecursive(77) - File created :/Users/tomspencer/Desktop/CodeGymTasks/1.JavaSyntax/src/en/codegym/task/pro/task05/task0520
2022-05-13 05:57:20 INFO  ApacheHttpClient.getTask(488) - responseCode = 200
2022-05-13 06:00:36 INFO  ApacheHttpClient.getWebResourceAsStream(502) - responseCode = 200
2022-05-13 06:00:36 INFO  ApacheHttpClient.getTask(488) - responseCode = 200
2022-05-13 06:00:37 INFO  ApacheHttpClient.completed(32) - responseCode = 200
2022-05-13 06:01:09 INFO  ApacheHttpClient.getWebResourceAsStream(502) - responseCode = 200
2022-05-13 06:01:09 INFO  ApacheHttpClient.getTask(488) - responseCode = 200
2022-05-13 06:01:11 INFO  ApacheHttpClient.completed(32) - responseCode = 200
2022-05-13 06:03:42 INFO  ApacheHttpClient.getWebResourceAsStream(502) - responseCode = 200
2022-05-13 06:03:43 INFO  ApacheHttpClient.getTask(488) - responseCode = 200
2022-05-13 06:03:44 INFO  ApacheHttpClient.completed(32) - responseCode = 200
2022-05-13 06:03:44 INFO  ApacheHttpClient.getTask(488) - responseCode = 200
2022-05-13 06:04:16 INFO  ApacheHttpClient.getWebResourceAsStream(502) - responseCode = 200
2022-05-13 06:04:16 INFO  ApacheHttpClient.getFilteredTasks(336) - responseCode = 200
2022-05-13 06:04:26 INFO  ApacheHttpClient.getFilteredTasks(336) - responseCode = 200
2022-05-13 06:04:27 INFO  ApacheHttpClient.getTaskTemplateInfo(353) - responseCode = 200
2022-05-13 06:04:27 INFO  TaskInfoSelectorMouseListener.createDirectoryRecursive(77) - File created :/Users/tomspencer/Desktop/CodeGymTasks/1.JavaSyntax/src/en/codegym/task/pro/task05/task0521
2022-05-13 06:04:27 INFO  ApacheHttpClient.getTask(488) - responseCode = 200
2022-05-13 06:07:52 INFO  ApacheHttpClient.getWebResourceAsStream(502) - responseCode = 200
2022-05-13 06:07:52 INFO  ApacheHttpClient.getTask(488) - responseCode = 200
2022-05-13 06:07:54 INFO  ApacheHttpClient.completed(32) - responseCode = 200
2022-05-13 06:07:54 INFO  ApacheHttpClient.getTask(488) - responseCode = 200
2022-05-13 07:09:18 INFO  ApacheHttpClient.getWebResourceAsStream(502) - responseCode = 200
2022-05-13 07:09:18 INFO  ApacheHttpClient.getFilteredTasks(336) - responseCode = 200
2022-05-13 07:09:24 INFO  ApacheHttpClient.getFilteredTasks(336) - responseCode = 200
2022-05-13 07:09:26 INFO  ApacheHttpClient.getTaskTemplateInfo(353) - responseCode = 200
2022-05-13 07:09:26 INFO  TaskInfoSelectorMouseListener.createDirectoryRecursive(77) - File created :/Users/tomspencer/Desktop/CodeGymTasks/1.JavaSyntax/src/en/codegym/task/pro/task05/task0501
2022-05-13 07:09:27 INFO  ApacheHttpClient.getTask(488) - responseCode = 200
2022-05-13 07:10:18 INFO  ApacheHttpClient.getWebResourceAsStream(502) - responseCode = 200
2022-05-13 07:10:19 INFO  ApacheHttpClient.getTask(488) - responseCode = 200
2022-05-13 07:10:21 INFO  ApacheHttpClient.completed(32) - responseCode = 200
2022-05-13 07:10:21 INFO  ApacheHttpClient.getTask(488) - responseCode = 200
2022-05-13 07:11:10 INFO  ApacheHttpClient.getWebResourceAsStream(502) - responseCode = 200
2022-05-13 07:11:11 INFO  ApacheHttpClient.getFilteredTasks(336) - responseCode = 200
2022-05-13 07:11:16 INFO  ApacheHttpClient.getFilteredTasks(336) - responseCode = 200
2022-05-13 07:11:18 INFO  ApacheHttpClient.getTaskTemplateInfo(353) - responseCode = 200
2022-05-13 07:11:18 INFO  TaskInfoSelectorMouseListener.createDirectoryRecursive(77) - File created :/Users/tomspencer/Desktop/CodeGymTasks/1.JavaSyntax/src/en/codegym/task/pro/task05/task0502
2022-05-13 07:11:18 INFO  ApacheHttpClient.getTask(488) - responseCode = 200
2022-05-13 07:13:26 INFO  ApacheHttpClient.getWebResourceAsStream(502) - responseCode = 200
2022-05-13 07:13:27 INFO  ApacheHttpClient.getTask(488) - responseCode = 200
2022-05-13 07:13:28 INFO  ApacheHttpClient.completed(32) - responseCode = 200
2022-05-13 07:14:38 INFO  ApacheHttpClient.getWebResourceAsStream(502) - responseCode = 200
2022-05-13 07:14:39 INFO  ApacheHttpClient.getTask(488) - responseCode = 200
2022-05-13 07:14:40 INFO  ApacheHttpClient.completed(32) - responseCode = 200
2022-05-13 07:15:31 INFO  ApacheHttpClient.getWebResourceAsStream(502) - responseCode = 200
2022-05-13 07:15:31 INFO  ApacheHttpClient.getTask(488) - responseCode = 200
2022-05-13 07:15:33 INFO  ApacheHttpClient.completed(32) - responseCode = 200
2022-05-13 07:15:33 INFO  ApacheHttpClient.getTask(488) - responseCode = 200
2022-05-13 07:19:13 INFO  ApacheHttpClient.getWebResourceAsStream(502) - responseCode = 200
2022-05-13 07:19:13 INFO  ApacheHttpClient.getFilteredTasks(336) - responseCode = 200
2022-05-13 07:19:27 INFO  ApacheHttpClient.getFilteredTasks(336) - responseCode = 200
2022-05-13 07:19:29 INFO  ApacheHttpClient.getTaskTemplateInfo(353) - responseCode = 200
2022-05-13 07:19:29 INFO  TaskInfoSelectorMouseListener.createDirectoryRecursive(77) - File created :/Users/tomspencer/Desktop/CodeGymTasks/1.JavaSyntax/src/en/codegym/task/pro/task05/task0503
2022-05-13 07:19:29 INFO  ApacheHttpClient.getTask(488) - responseCode = 200
2022-05-13 07:20:08 INFO  ApacheHttpClient.getWebResourceAsStream(502) - responseCode = 200
2022-05-13 07:20:08 INFO  ApacheHttpClient.getTask(488) - responseCode = 200
2022-05-13 07:20:09 INFO  ApacheHttpClient.completed(32) - responseCode = 200
2022-05-13 07:22:13 INFO  ApacheHttpClient.getWebResourceAsStream(502) - responseCode = 200
2022-05-13 07:22:14 INFO  ApacheHttpClient.getTask(488) - responseCode = 200
2022-05-13 07:22:14 INFO  ApacheHttpClient.completed(32) - responseCode = 200
2022-05-13 07:22:15 INFO  ApacheHttpClient.getTask(488) - responseCode = 200
2022-05-13 07:22:48 INFO  ApacheHttpClient.getWebResourceAsStream(502) - responseCode = 200
2022-05-13 07:22:48 INFO  ApacheHttpClient.getTask(488) - responseCode = 200
2022-05-13 07:22:50 INFO  ApacheHttpClient.completed(32) - responseCode = 200
2022-05-13 07:22:50 INFO  ApacheHttpClient.getTask(488) - responseCode = 200
2022-05-13 07:24:28 INFO  ApacheHttpClient.getWebResourceAsStream(502) - responseCode = 200
2022-05-13 07:24:28 INFO  ApacheHttpClient.getFilteredTasks(336) - responseCode = 200
2022-05-13 07:24:34 INFO  ApacheHttpClient.getFilteredTasks(336) - responseCode = 200
2022-05-13 07:24:36 INFO  ApacheHttpClient.getTaskTemplateInfo(353) - responseCode = 200
2022-05-13 07:24:36 INFO  TaskInfoSelectorMouseListener.createDirectoryRecursive(77) - File created :/Users/tomspencer/Desktop/CodeGymTasks/1.JavaSyntax/src/en/codegym/task/pro/task05/task0504
2022-05-13 07:24:37 INFO  ApacheHttpClient.getTask(488) - responseCode = 200
2022-05-13 07:24:37 INFO  ApacheHttpClient.getTaskTemplateInfo(353) - responseCode = 200
2022-05-13 07:27:33 INFO  ApacheHttpClient.getWebResourceAsStream(502) - responseCode = 200
2022-05-13 07:27:34 INFO  ApacheHttpClient.getTask(488) - responseCode = 200
2022-05-13 07:27:35 INFO  ApacheHttpClient.completed(32) - responseCode = 200
2022-05-13 07:28:42 INFO  ApacheHttpClient.getWebResourceAsStream(502) - responseCode = 200
2022-05-13 07:28:43 INFO  ApacheHttpClient.getTask(488) - responseCode = 200
2022-05-13 07:28:44 INFO  ApacheHttpClient.completed(32) - responseCode = 200
2022-05-13 07:28:44 INFO  ApacheHttpClient.getTask(488) - responseCode = 200
2022-05-13 07:36:12 INFO  ApacheHttpClient.getWebResourceAsStream(502) - responseCode = 200
2022-05-13 07:36:12 INFO  ApacheHttpClient.getFilteredTasks(336) - responseCode = 200
2022-05-13 07:36:19 INFO  ApacheHttpClient.getFilteredTasks(336) - responseCode = 200
2022-05-13 07:36:20 INFO  ApacheHttpClient.getTaskTemplateInfo(353) - responseCode = 200
2022-05-13 07:36:20 INFO  TaskInfoSelectorMouseListener.createDirectoryRecursive(77) - File created :/Users/tomspencer/Desktop/CodeGymTasks/1.JavaSyntax/src/en/codegym/task/pro/task05/task0505
2022-05-13 07:36:20 INFO  ApacheHttpClient.getTask(488) - responseCode = 200
2022-05-13 07:36:21 INFO  ApacheHttpClient.getTaskTemplateInfo(353) - responseCode = 200
2022-05-13 07:48:35 INFO  ApacheHttpClient.getWebResourceAsStream(502) - responseCode = 200
2022-05-13 07:48:35 INFO  ApacheHttpClient.getTask(488) - responseCode = 200
2022-05-13 07:48:36 INFO  ApacheHttpClient.completed(32) - responseCode = 200
2022-05-13 07:48:57 INFO  ApacheHttpClient.getWebResourceAsStream(502) - responseCode = 200
2022-05-13 07:48:57 INFO  ApacheHttpClient.getTask(488) - responseCode = 200
2022-05-13 07:48:59 INFO  ApacheHttpClient.completed(32) - responseCode = 200
2022-05-13 07:48:59 INFO  ApacheHttpClient.getTask(488) - responseCode = 200
2022-05-13 08:21:47 INFO  ApacheHttpClient.getWebResourceAsStream(502) - responseCode = 200
2022-05-13 08:21:47 INFO  ApacheHttpClient.getFilteredTasks(336) - responseCode = 200
2022-05-13 08:21:54 INFO  ApacheHttpClient.getFilteredTasks(336) - responseCode = 200
2022-05-13 08:21:56 INFO  ApacheHttpClient.getTaskTemplateInfo(353) - responseCode = 200
2022-05-13 08:21:56 INFO  TaskInfoSelectorMouseListener.createDirectoryRecursive(77) - File created :/Users/tomspencer/Desktop/CodeGymTasks/1.JavaSyntax/src/en/codegym/task/pro/task05/task0506
2022-05-13 08:21:56 INFO  ApacheHttpClient.getTask(488) - responseCode = 200
2022-05-13 08:25:06 INFO  ApacheHttpClient.getWebResourceAsStream(502) - responseCode = 200
2022-05-13 08:25:07 INFO  ApacheHttpClient.getTask(488) - responseCode = 200
2022-05-13 08:25:07 INFO  ApacheHttpClient.completed(32) - responseCode = 200
2022-05-13 08:25:55 INFO  ApacheHttpClient.getWebResourceAsStream(502) - responseCode = 200
2022-05-13 08:25:55 INFO  ApacheHttpClient.getTask(488) - responseCode = 200
2022-05-13 08:25:56 INFO  ApacheHttpClient.completed(32) - responseCode = 200
2022-05-13 08:26:02 INFO  ApacheHttpClient.getWebResourceAsStream(502) - responseCode = 200
2022-05-13 08:26:02 INFO  ApacheHttpClient.getTask(488) - responseCode = 200
2022-05-13 08:26:03 INFO  ApacheHttpClient.completed(32) - responseCode = 200
2022-05-13 08:27:14 INFO  ApacheHttpClient.getWebResourceAsStream(502) - responseCode = 200
2022-05-13 08:27:15 INFO  ApacheHttpClient.getTask(488) - responseCode = 200
2022-05-13 08:27:16 INFO  ApacheHttpClient.completed(32) - responseCode = 200
2022-05-13 08:27:43 INFO  ApacheHttpClient.getWebResourceAsStream(502) - responseCode = 200
2022-05-13 08:27:43 INFO  ApacheHttpClient.getTask(488) - responseCode = 200
2022-05-13 08:27:45 INFO  ApacheHttpClient.completed(32) - responseCode = 200
2022-05-13 08:29:13 INFO  ApacheHttpClient.getWebResourceAsStream(502) - responseCode = 200
2022-05-13 08:29:13 INFO  ApacheHttpClient.getTask(488) - responseCode = 200
2022-05-13 08:29:14 INFO  ApacheHttpClient.completed(32) - responseCode = 200
2022-05-13 08:30:11 INFO  ApacheHttpClient.getWebResourceAsStream(502) - responseCode = 200
2022-05-13 08:30:11 INFO  ApacheHttpClient.getTask(488) - responseCode = 200
2022-05-13 08:30:12 INFO  ApacheHttpClient.completed(32) - responseCode = 200
2022-05-13 08:30:30 INFO  ApacheHttpClient.getWebResourceAsStream(502) - responseCode = 200
2022-05-13 08:30:31 INFO  ApacheHttpClient.getTask(488) - responseCode = 200
2022-05-13 08:30:32 INFO  ApacheHttpClient.completed(32) - responseCode = 200
2022-05-13 08:30:33 INFO  ApacheHttpClient.getTask(488) - responseCode = 200
2022-05-13 08:30:44 INFO  ApacheHttpClient.getWebResourceAsStream(502) - responseCode = 200
2022-05-13 08:30:44 INFO  ApacheHttpClient.getFilteredTasks(336) - responseCode = 200
2022-05-13 08:30:49 INFO  ApacheHttpClient.getFilteredTasks(336) - responseCode = 200
2022-05-13 08:30:50 INFO  ApacheHttpClient.getTaskTemplateInfo(353) - responseCode = 200
2022-05-13 08:30:50 INFO  TaskInfoSelectorMouseListener.createDirectoryRecursive(77) - File created :/Users/tomspencer/Desktop/CodeGymTasks/1.JavaSyntax/src/en/codegym/task/pro/task05/task0507
2022-05-13 08:30:50 INFO  ApacheHttpClient.getTask(488) - responseCode = 200
2022-05-13 08:33:23 INFO  ApacheHttpClient.getWebResourceAsStream(502) - responseCode = 200
2022-05-13 08:33:24 INFO  ApacheHttpClient.getTask(488) - responseCode = 200
2022-05-13 08:33:25 INFO  ApacheHttpClient.completed(32) - responseCode = 200
2022-05-13 08:33:25 INFO  ApacheHttpClient.getTask(488) - responseCode = 200
2022-05-13 08:34:41 INFO  ApacheHttpClient.getWebResourceAsStream(502) - responseCode = 200
2022-05-13 08:34:42 INFO  ApacheHttpClient.getFilteredTasks(336) - responseCode = 200
2022-05-13 08:34:49 INFO  ApacheHttpClient.getFilteredTasks(336) - responseCode = 200
2022-05-13 08:34:51 INFO  ApacheHttpClient.getTaskTemplateInfo(353) - responseCode = 200
2022-05-13 08:34:51 INFO  TaskInfoSelectorMouseListener.createDirectoryRecursive(77) - File created :/Users/tomspencer/Desktop/CodeGymTasks/1.JavaSyntax/src/en/codegym/task/pro/task05/task0508
2022-05-13 08:34:51 INFO  ApacheHttpClient.getTask(488) - responseCode = 200
2022-05-13 08:40:37 INFO  ApacheHttpClient.getWebResourceAsStream(502) - responseCode = 200
2022-05-13 08:40:38 INFO  ApacheHttpClient.getTask(488) - responseCode = 200
2022-05-13 08:40:39 INFO  ApacheHttpClient.completed(32) - responseCode = 200
2022-05-13 08:41:31 INFO  ApacheHttpClient.getWebResourceAsStream(502) - responseCode = 200
2022-05-13 08:41:32 INFO  ApacheHttpClient.getTask(488) - responseCode = 200
2022-05-13 08:41:33 INFO  ApacheHttpClient.completed(32) - responseCode = 200
2022-05-13 08:42:27 INFO  ApacheHttpClient.getWebResourceAsStream(502) - responseCode = 200
2022-05-13 08:42:27 INFO  ApacheHttpClient.getTask(488) - responseCode = 200
2022-05-13 08:42:28 INFO  ApacheHttpClient.completed(32) - responseCode = 200
2022-05-13 08:44:33 INFO  ApacheHttpClient.getWebResourceAsStream(502) - responseCode = 200
2022-05-13 08:44:33 INFO  ApacheHttpClient.getTask(488) - responseCode = 200
2022-05-13 08:44:34 INFO  ApacheHttpClient.completed(32) - responseCode = 200
2022-05-13 08:44:35 INFO  ApacheHttpClient.getTask(488) - responseCode = 200
